<?xml version="1.0" encoding="UTF-8"?>
<testng-results ignored="26" total="27" passed="1" failed="0" skipped="0">
  <reporter-output>
  </reporter-output>
  <suite started-at="2025-05-18T11:34:39 IST" name="Default suite" finished-at="2025-05-18T11:34:57 IST" duration-ms="17546">
    <groups>
    </groups>
    <test started-at="2025-05-18T11:34:39 IST" name="Default test" finished-at="2025-05-18T11:34:57 IST" duration-ms="17546">
      <class name="Tests.TestCases">
        <test-method is-config="true" signature="setUp()[pri:0, instance:Tests.TestCases@2362f559]" started-at="2025-05-18T11:34:39 IST" name="setUp" finished-at="2025-05-18T11:34:44 IST" duration-ms="4645" status="PASS">
          <reporter-output>
          </reporter-output>
        </test-method> <!-- setUp -->
        <test-method signature="userLogin()[pri:20, instance:Tests.TestCases@2362f559]" started-at="2025-05-18T11:34:44 IST" name="userLogin" finished-at="2025-05-18T11:34:57 IST" duration-ms="12550" status="PASS">
          <reporter-output>
          </reporter-output>
        </test-method> <!-- userLogin -->
        <test-method is-config="true" signature="tearDown()[pri:0, instance:Tests.TestCases@2362f559]" started-at="2025-05-18T11:34:57 IST" name="tearDown" finished-at="2025-05-18T11:34:57 IST" duration-ms="296" status="PASS">
          <reporter-output>
          </reporter-output>
        </test-method> <!-- tearDown -->
      </class> <!-- Tests.TestCases -->
    </test> <!-- Default test -->
  </suite> <!-- Default suite -->
</testng-results>
