<?xml version="1.0" encoding="UTF-8"?>
<!-- Generated by org.testng.reporters.JUnitXMLReporter -->
<testsuite ignored="26" hostname="Atul" failures="0" tests="1" name="Default test" time="17.546" errors="0" timestamp="2025-05-18T11:34:57 IST">
  <testcase classname="Tests.TestCases" name="userLogin" time="12.55"/>
  <testcase classname="Tests.TestCases" name="LanguageDropdown_ClickEnglish" time="0.0">
    <ignored/>
  </testcase> <!-- LanguageDropdown_ClickEnglish -->
  <testcase classname="Tests.TestCases" name="CurrencyDropdownPHP" time="0.0">
    <ignored/>
  </testcase> <!-- CurrencyDropdownPHP -->
  <testcase classname="Tests.TestCases" name="userLoginDropdown" time="0.0">
    <ignored/>
  </testcase> <!-- userLoginDropdown -->
  <testcase classname="Tests.TestCases" name="validateLanguageDropdownSelectionTurkish" time="0.0">
    <ignored/>
  </testcase> <!-- validateLanguageDropdownSelectionTurkish -->
  <testcase classname="Tests.TestCases" name="CurrencyDropdownSAR" time="0.0">
    <ignored/>
  </testcase> <!-- CurrencyDropdownSAR -->
  <testcase classname="Tests.TestCases" name="testvisaLinkNavigatesToCorrectPage" time="0.0">
    <ignored/>
  </testcase> <!-- testvisaLinkNavigatesToCorrectPage -->
  <testcase classname="Tests.TestCases" name="LanguageDropdown_ClickChineese" time="0.0">
    <ignored/>
  </testcase> <!-- LanguageDropdown_ClickChineese -->
  <testcase classname="Tests.TestCases" name="testcarsLinkNavigatesToCorrectPage" time="0.0">
    <ignored/>
  </testcase> <!-- testcarsLinkNavigatesToCorrectPage -->
  <testcase classname="Tests.TestCases" name="LanguageDropdown_ClickRussian" time="0.0">
    <ignored/>
  </testcase> <!-- LanguageDropdown_ClickRussian -->
  <testcase classname="Tests.TestCases" name="validateLanguageDropdownSelectionArabic" time="0.0">
    <ignored/>
  </testcase> <!-- validateLanguageDropdownSelectionArabic -->
  <testcase classname="Tests.TestCases" name="LanguageDropdown_ClickGermany" time="0.0">
    <ignored/>
  </testcase> <!-- LanguageDropdown_ClickGermany -->
  <testcase classname="Tests.TestCases" name="testFlightsLinkNavigatesToCorrectPage" time="0.0">
    <ignored/>
  </testcase> <!-- testFlightsLinkNavigatesToCorrectPage -->
  <testcase classname="Tests.TestCases" name="CurrencyDropdownGBP" time="0.0">
    <ignored/>
  </testcase> <!-- CurrencyDropdownGBP -->
  <testcase classname="Tests.TestCases" name="testtoursLinkNavigatesToCorrectPage" time="0.0">
    <ignored/>
  </testcase> <!-- testtoursLinkNavigatesToCorrectPage -->
  <testcase classname="Tests.TestCases" name="testClickLogoRedirectsToHomepage" time="0.0">
    <ignored/>
  </testcase> <!-- testClickLogoRedirectsToHomepage -->
  <testcase classname="Tests.TestCases" name="validateLanguageDropdownSelectionFrench" time="0.0">
    <ignored/>
  </testcase> <!-- validateLanguageDropdownSelectionFrench -->
  <testcase classname="Tests.TestCases" name="LanguageDropdown_ClickFrench" time="0.0">
    <ignored/>
  </testcase> <!-- LanguageDropdown_ClickFrench -->
  <testcase classname="Tests.TestCases" name="validateLanguageDropdownSelectionChinese" time="0.0">
    <ignored/>
  </testcase> <!-- validateLanguageDropdownSelectionChinese -->
  <testcase classname="Tests.TestCases" name="validateLanguageDropdownSelectionEnglish" time="0.0">
    <ignored/>
  </testcase> <!-- validateLanguageDropdownSelectionEnglish -->
  <testcase classname="Tests.TestCases" name="CurrencyDropdownUSD" time="0.0">
    <ignored/>
  </testcase> <!-- CurrencyDropdownUSD -->
  <testcase classname="Tests.TestCases" name="LanguageDropdown_ClickArabic" time="0.0">
    <ignored/>
  </testcase> <!-- LanguageDropdown_ClickArabic -->
  <testcase classname="Tests.TestCases" name="CurrencyDropdownEUR" time="0.0">
    <ignored/>
  </testcase> <!-- CurrencyDropdownEUR -->
  <testcase classname="Tests.TestCases" name="LanguageDropdown_ClickTurkish" time="0.0">
    <ignored/>
  </testcase> <!-- LanguageDropdown_ClickTurkish -->
  <testcase classname="Tests.TestCases" name="validateLanguageDropdownSelectionRussian" time="0.0">
    <ignored/>
  </testcase> <!-- validateLanguageDropdownSelectionRussian -->
  <testcase classname="Tests.TestCases" name="testHotelLinkNavigatesToCorrectPage" time="0.0">
    <ignored/>
  </testcase> <!-- testHotelLinkNavigatesToCorrectPage -->
  <testcase classname="Tests.TestCases" name="validateLanguageDropdownSelectionGermany" time="0.0">
    <ignored/>
  </testcase> <!-- validateLanguageDropdownSelectionGermany -->
</testsuite> <!-- Default test -->
